# JRE version: OpenJDK Runtime Environment (8.0_112-b06) (build 1.8.0_112-release-b06)
# Java VM: OpenJDK 64-Bit Server VM (25.112-b06 mixed mode windows-amd64 compressed oops)
Heap:
 PSYoungGen      total 169472K, used 155660K [0x00000000eab00000, 0x00000000fb680000, 0x0000000100000000)
  eden space 120832K, 98% used [0x00000000eab00000,0x00000000f1f1c5b8,0x00000000f2100000)
  from space 48640K, 75% used [0x00000000f2100000,0x00000000f44e6a78,0x00000000f5080000)
  to   space 60928K, 0% used [0x00000000f7b00000,0x00000000f7b00000,0x00000000fb680000)
 ParOldGen       total 153600K, used 87643K [0x00000000c0000000, 0x00000000c9600000, 0x00000000eab00000)
  object space 153600K, 57% used [0x00000000c0000000,0x00000000c5596db0,0x00000000c9600000)
 Metaspace       used 6430K, capacity 7280K, committed 7552K, reserved 1056768K
  class space    used 592K, capacity 616K, committed 640K, reserved 1048576K
GC Heap History (10 events):
Event: 22.041 GC heap before
{Heap before GC invocations=9 (full 1):
 PSYoungGen      total 143360K, used 133091K [0x00000000eab00000, 0x00000000f4a00000, 0x0000000100000000)
  eden space 127488K, 100% used [0x00000000eab00000,0x00000000f2780000,0x00000000f2780000)
  from space 15872K, 35% used [0x00000000f2780000,0x00000000f2cf8e18,0x00000000f3700000)
  to   space 12288K, 0% used [0x00000000f3700000,0x00000000f3700000,0x00000000f4300000)
 ParOldGen       total 88064K, used 43627K [0x00000000c0000000, 0x00000000c5600000, 0x00000000eab00000)
  object space 88064K, 49% used [0x00000000c0000000,0x00000000c2a9ade0,0x00000000c5600000)
 Metaspace       used 6311K, capacity 7216K, committed 7296K, reserved 1056768K
  class space    used 573K, capacity 616K, committed 640K, reserved 1048576K
Event: 22.238 GC heap after
Heap after GC invocations=9 (full 1):
 PSYoungGen      total 120832K, used 12274K [0x00000000eab00000, 0x00000000f9000000, 0x0000000100000000)
  eden space 108544K, 0% used [0x00000000eab00000,0x00000000eab00000,0x00000000f1500000)
  from space 12288K, 99% used [0x00000000f3700000,0x00000000f42fc860,0x00000000f4300000)
  to   space 34816K, 0% used [0x00000000f1500000,0x00000000f1500000,0x00000000f3700000)
 ParOldGen       total 88064K, used 59588K [0x00000000c0000000, 0x00000000c5600000, 0x00000000eab00000)
  object space 88064K, 67% used [0x00000000c0000000,0x00000000c3a31260,0x00000000c5600000)
 Metaspace       used 6311K, capacity 7216K, committed 7296K, reserved 1056768K
  class space    used 573K, capacity 616K, committed 640K, reserved 1048576K
}
Event: 22.948 GC heap before
{Heap before GC invocations=10 (full 1):
 PSYoungGen      total 120832K, used 120818K [0x00000000eab00000, 0x00000000f9000000, 0x0000000100000000)
  eden space 108544K, 100% used [0x00000000eab00000,0x00000000f1500000,0x00000000f1500000)
  from space 12288K, 99% used [0x00000000f3700000,0x00000000f42fc860,0x00000000f4300000)
  to   space 34816K, 0% used [0x00000000f1500000,0x00000000f1500000,0x00000000f3700000)
 ParOldGen       total 88064K, used 59588K [0x00000000c0000000, 0x00000000c5600000, 0x00000000eab00000)
  object space 88064K, 67% used [0x00000000c0000000,0x00000000c3a31260,0x00000000c5600000)
 Metaspace       used 6316K, capacity 7216K, committed 7296K, reserved 1056768K
  class space    used 573K, capacity 616K, committed 640K, reserved 1048576K
Event: 23.096 GC heap after
Heap after GC invocations=10 (full 1):
 PSYoungGen      total 143360K, used 30069K [0x00000000eab00000, 0x00000000f7700000, 0x0000000100000000)
  eden space 108544K, 0% used [0x00000000eab00000,0x00000000eab00000,0x00000000f1500000)
  from space 34816K, 86% used [0x00000000f1500000,0x00000000f325d6d8,0x00000000f3700000)
  to   space 39424K, 0% used [0x00000000f5080000,0x00000000f5080000,0x00000000f7700000)
 ParOldGen       total 88064K, used 62663K [0x00000000c0000000, 0x00000000c5600000, 0x00000000eab00000)
  object space 88064K, 71% used [0x00000000c0000000,0x00000000c3d31d30,0x00000000c5600000)
 Metaspace       used 6316K, capacity 7216K, committed 7296K, reserved 1056768K
  class space    used 573K, capacity 616K, committed 640K, reserved 1048576K
}
Event: 23.784 GC heap before
{Heap before GC invocations=11 (full 1):
 PSYoungGen      total 143360K, used 138613K [0x00000000eab00000, 0x00000000f7700000, 0x0000000100000000)
  eden space 108544K, 100% used [0x00000000eab00000,0x00000000f1500000,0x00000000f1500000)
  from space 34816K, 86% used [0x00000000f1500000,0x00000000f325d6d8,0x00000000f3700000)
  to   space 39424K, 0% used [0x00000000f5080000,0x00000000f5080000,0x00000000f7700000)
 ParOldGen       total 88064K, used 62663K [0x00000000c0000000, 0x00000000c5600000, 0x00000000eab00000)
  object space 88064K, 71% used [0x00000000c0000000,0x00000000c3d31d30,0x00000000c5600000)
 Metaspace       used 6407K, capacity 7216K, committed 7296K, reserved 1056768K
  class space    used 592K, capacity 616K, committed 640K, reserved 1048576K
Event: 23.985 GC heap after
Heap after GC invocations=11 (full 1):
 PSYoungGen      total 160256K, used 39406K [0x00000000eab00000, 0x00000000f8c00000, 0x0000000100000000)
  eden space 120832K, 0% used [0x00000000eab00000,0x00000000eab00000,0x00000000f2100000)
  from space 39424K, 99% used [0x00000000f5080000,0x00000000f76fb800,0x00000000f7700000)
  to   space 48640K, 0% used [0x00000000f2100000,0x00000000f2100000,0x00000000f5080000)
 ParOldGen       total 88064K, used 68524K [0x00000000c0000000, 0x00000000c5600000, 0x00000000eab00000)
  object space 88064K, 77% used [0x00000000c0000000,0x00000000c42eb378,0x00000000c5600000)
 Metaspace       used 6407K, capacity 7216K, committed 7296K, reserved 1056768K
  class space    used 592K, capacity 616K, committed 640K, reserved 1048576K
}
Event: 24.729 GC heap before
{Heap before GC invocations=12 (full 1):
 PSYoungGen      total 160256K, used 160238K [0x00000000eab00000, 0x00000000f8c00000, 0x0000000100000000)
  eden space 120832K, 100% used [0x00000000eab00000,0x00000000f2100000,0x00000000f2100000)
  from space 39424K, 99% used [0x00000000f5080000,0x00000000f76fb800,0x00000000f7700000)
  to   space 48640K, 0% used [0x00000000f2100000,0x00000000f2100000,0x00000000f5080000)
 ParOldGen       total 88064K, used 68524K [0x00000000c0000000, 0x00000000c5600000, 0x00000000eab00000)
  object space 88064K, 77% used [0x00000000c0000000,0x00000000c42eb378,0x00000000c5600000)
 Metaspace       used 6426K, capacity 7280K, committed 7552K, reserved 1056768K
  class space    used 592K, capacity 616K, committed 640K, reserved 1048576K
Event: 25.059 GC heap after
Heap after GC invocations=12 (full 1):
 PSYoungGen      total 169472K, used 48632K [0x00000000eab00000, 0x00000000fb680000, 0x0000000100000000)
  eden space 120832K, 0% used [0x00000000eab00000,0x00000000eab00000,0x00000000f2100000)
  from space 48640K, 99% used [0x00000000f2100000,0x00000000f507e148,0x00000000f5080000)
  to   space 60928K, 0% used [0x00000000f7b00000,0x00000000f7b00000,0x00000000fb680000)
 ParOldGen       total 88064K, used 79601K [0x00000000c0000000, 0x00000000c5600000, 0x00000000eab00000)
  object space 88064K, 90% used [0x00000000c0000000,0x00000000c4dbc738,0x00000000c5600000)
 Metaspace       used 6426K, capacity 7280K, committed 7552K, reserved 1056768K
  class space    used 592K, capacity 616K, committed 640K, reserved 1048576K
}
Event: 25.059 GC heap before
{Heap before GC invocations=13 (full 2):
 PSYoungGen      total 169472K, used 48632K [0x00000000eab00000, 0x00000000fb680000, 0x0000000100000000)
  eden space 120832K, 0% used [0x00000000eab00000,0x00000000eab00000,0x00000000f2100000)
  from space 48640K, 99% used [0x00000000f2100000,0x00000000f507e148,0x00000000f5080000)
  to   space 60928K, 0% used [0x00000000f7b00000,0x00000000f7b00000,0x00000000fb680000)
 ParOldGen       total 88064K, used 79601K [0x00000000c0000000, 0x00000000c5600000, 0x00000000eab00000)
  object space 88064K, 90% used [0x00000000c0000000,0x00000000c4dbc738,0x00000000c5600000)
 Metaspace       used 6426K, capacity 7280K, committed 7552K, reserved 1056768K
  class space    used 592K, capacity 616K, committed 640K, reserved 1048576K
Event: 30.807 GC heap after
Heap after GC invocations=13 (full 2):
 PSYoungGen      total 169472K, used 36762K [0x00000000eab00000, 0x00000000fb680000, 0x0000000100000000)
  eden space 120832K, 0% used [0x00000000eab00000,0x00000000eab00000,0x00000000f2100000)
  from space 48640K, 75% used [0x00000000f2100000,0x00000000f44e6a78,0x00000000f5080000)
  to   space 60928K, 0% used [0x00000000f7b00000,0x00000000f7b00000,0x00000000fb680000)
 ParOldGen       total 153600K, used 87643K [0x00000000c0000000, 0x00000000c9600000, 0x00000000eab00000)
  object space 153600K, 57% used [0x00000000c0000000,0x00000000c5596db0,0x00000000c9600000)
 Metaspace       used 6426K, capacity 7280K, committed 7552K, reserved 1056768K
  class space    used 592K, capacity 616K, committed 640K, reserved 1048576K
}

